<?xml version="1.0" encoding="UTF-8"?>
<testsuite xmlns:xsi="http://www.w3.org/2001/XMLSchema-instance" xsi:noNamespaceSchemaLocation="https://maven.apache.org/surefire/maven-surefire-plugin/xsd/surefire-test-report-3.0.xsd" version="3.0" name="com.example.PrestaBanco.services.BankExecutiveServiceTest" time="2.236" tests="85" errors="0" skipped="0" failures="0">
  <properties>
[...]
</properties>
  <testcase name="whenGetPendingDebtsMonthlySalaryByRutAndClientHasPendingDebts_thenReturnCorrectRatio" classname="com.example.PrestaBanco.services.BankExecutiveServiceTest" time="1.749"/>
  <testcase name="whenGetCreditApplicationByIdAndApplicationDoesNotExist_thenThrowEntityNotFoundException" classname="com.example.PrestaBanco.services.BankExecutiveServiceTest" time="0.011"/>
  <testcase name="whenGetDebtsByRutAndClientExists_thenReturnDebtList" classname="com.example.PrestaBanco.services.BankExecutiveServiceTest" time="0.088"/>
  <testcase name="whenClientExistsAndHasNoDeposits_thenReturnZero" classname="com.example.PrestaBanco.services.BankExecutiveServiceTest" time="0.01"/>
  <testcase name="whenClientHasNoBankAccounts_thenReturnEmptyList" classname="com.example.PrestaBanco.services.BankExecutiveServiceTest" time="0.009"/>
  <testcase name="whenAdministrationCommissionByRutAndClientHasZeroExpectedAmount_thenReturnZeroCommission" classname="com.example.PrestaBanco.services.BankExecutiveServiceTest" time="0.007"/>
  <testcase name="whenAdministrationCommissionByRutAndClientHasNegativeExpectedAmount_thenReturnNegativeCommission" classname="com.example.PrestaBanco.services.BankExecutiveServiceTest" time="0.005"/>
  <testcase name="whenGetTimeLimitOfClientByRut_thenCallRepositoryFindByRut" classname="com.example.PrestaBanco.services.BankExecutiveServiceTest" time="0.013"/>
  <testcase name="whenTotalCostOfLoanByRutAndClientExists_thenReturnTotalCost" classname="com.example.PrestaBanco.services.BankExecutiveServiceTest" time="0.006"/>
  <testcase name="whenGetPendingDebtsByRutAndClientHasPendingDebts_thenReturnTotalPendingDebts" classname="com.example.PrestaBanco.services.BankExecutiveServiceTest" time="0.004"/>
  <testcase name="whenGetMonthlySalaryOfClientByRutAndClientExists_thenReturnMonthlySalary" classname="com.example.PrestaBanco.services.BankExecutiveServiceTest" time="0.006"/>
  <testcase name="whenMonthlyCostByRutAndClientDoesNotExist_thenThrowNullPointerException" classname="com.example.PrestaBanco.services.BankExecutiveServiceTest" time="0.004"/>
  <testcase name="whenGetInterestRateOfClientByRut_thenCallRepositoryFindByRut" classname="com.example.PrestaBanco.services.BankExecutiveServiceTest" time="0.004"/>
  <testcase name="whenGetPendingDebtsMonthlySalaryByRutAndClientHasPendingDebts_thenPendingDebtsAreIncluded" classname="com.example.PrestaBanco.services.BankExecutiveServiceTest" time="0.003"/>
  <testcase name="whenGetTimeLimitOfClientByRutAndClientDoesNotExist_thenThrowException" classname="com.example.PrestaBanco.services.BankExecutiveServiceTest" time="0.004"/>
  <testcase name="whenGetMonthlySalaryOfClientByRutAndClientDoesNotExist_thenThrowException" classname="com.example.PrestaBanco.services.BankExecutiveServiceTest" time="0.003"/>
  <testcase name="whenGetPendingDebtsByRutAndClientHasNoPendingDebts_thenReturnZero" classname="com.example.PrestaBanco.services.BankExecutiveServiceTest" time="0.003"/>
  <testcase name="whenGetMonthlyLoanOfClientByRutAndClientDoesNotExist_thenThrowException" classname="com.example.PrestaBanco.services.BankExecutiveServiceTest" time="0.004"/>
  <testcase name="whenUpdateStatusOfCreditApplicationWithNullId_thenThrowIllegalArgumentException" classname="com.example.PrestaBanco.services.BankExecutiveServiceTest" time="0.003"/>
  <testcase name="whenInsuranceCalculationByRutAndClientDoesNotExist_thenReturnNullPointerException" classname="com.example.PrestaBanco.services.BankExecutiveServiceTest" time="0.003"/>
  <testcase name="whenGetPendingDebtsMonthlySalaryByRutAndClientDoesNotExist_thenThrowEntityNotFoundException" classname="com.example.PrestaBanco.services.BankExecutiveServiceTest" time="0.003"/>
  <testcase name="testGetAgeAndVerifyMaximumAge_ByRut_ClientEligibleForLoan" classname="com.example.PrestaBanco.services.BankExecutiveServiceTest" time="0.003"/>
  <testcase name="whenGetDebtAmountByRutAndThrowsException_thenHandleException" classname="com.example.PrestaBanco.services.BankExecutiveServiceTest" time="0.006"/>
  <testcase name="testGetAgeAndVerifyMaximumAge_ByRut_UnderageClient" classname="com.example.PrestaBanco.services.BankExecutiveServiceTest" time="0.004"/>
  <testcase name="whenGetFeeIncomeRatioByRutAndClientExists_thenReturnFeeIncomeRatio" classname="com.example.PrestaBanco.services.BankExecutiveServiceTest" time="0.006">
    <system-out><![CDATA[El ratio de ingresos supera el 35%: 2717.391304347826%
]]></system-out>
  </testcase>
  <testcase name="whenGetExpectedAmountOfClientByRutAndThrowsException_thenHandleException" classname="com.example.PrestaBanco.services.BankExecutiveServiceTest" time="0.006"/>
  <testcase name="whenGetInterestRateOfClientByRutAndClientDoesNotExist_thenThrowException" classname="com.example.PrestaBanco.services.BankExecutiveServiceTest" time="0.004"/>
  <testcase name="whenGetExpectedAmountOfClientByRutAndClientDoesNotExist_thenThrowException" classname="com.example.PrestaBanco.services.BankExecutiveServiceTest" time="0.003"/>
  <testcase name="whenGetFeeIncomeRatioByRutAndClientDoesNotExist_thenThrowException" classname="com.example.PrestaBanco.services.BankExecutiveServiceTest" time="0.004"/>
  <testcase name="whenInsuranceCalculationByRutAndClientHasZeroExpectedAmount_thenReturnZeroInsurance" classname="com.example.PrestaBanco.services.BankExecutiveServiceTest" time="0.003"/>
  <testcase name="whenGetInterestRateOfClientByRutAndClientExists_thenReturnInterestRate" classname="com.example.PrestaBanco.services.BankExecutiveServiceTest" time="0.002"/>
  <testcase name="whenClientHasNoEmploymentHistory_thenReturnEmptyList" classname="com.example.PrestaBanco.services.BankExecutiveServiceTest" time="0.004"/>
  <testcase name="testGetAgeAndVerifyMaximumAge_ByRut_ClientHasLessThan5YearsToReach75" classname="com.example.PrestaBanco.services.BankExecutiveServiceTest" time="0.003"/>
  <testcase name="whenGetMonthlySalaryOfClientByRut_thenCallRepositoryFindByRut" classname="com.example.PrestaBanco.services.BankExecutiveServiceTest" time="0.002"/>
  <testcase name="whenClientHasConsistentBankAccounts_thenReturnTrue" classname="com.example.PrestaBanco.services.BankExecutiveServiceTest" time="0.002"/>
  <testcase name="whenInsuranceCalculationByRutAndClientHasNegativeExpectedAmount_thenReturnNegativeInsurance" classname="com.example.PrestaBanco.services.BankExecutiveServiceTest" time="0.002"/>
  <testcase name="whenMonthlyCostByRutAndClientHasZeroExpectedAmount_thenReturnZeroInsurance" classname="com.example.PrestaBanco.services.BankExecutiveServiceTest" time="0.003"/>
  <testcase name="whenAdministrationCommissionByRutAndClientExists_thenReturnCommissionAmount" classname="com.example.PrestaBanco.services.BankExecutiveServiceTest" time="0.004"/>
  <testcase name="whenClientExistsAndHasWithdrawals_thenReturnTotalWithdrawal" classname="com.example.PrestaBanco.services.BankExecutiveServiceTest" time="0.003"/>
  <testcase name="whenTotalCostOfLoanByRutAndMonthlyLoanIsZero_thenReturnCommissionOnly" classname="com.example.PrestaBanco.services.BankExecutiveServiceTest" time="0.003"/>
  <testcase name="whenTotalCostOfLoanByRutAndClientDoesNotExist_thenThrowNullPointerException" classname="com.example.PrestaBanco.services.BankExecutiveServiceTest" time="0.005"/>
  <testcase name="whenAdministrationCommissionByRutAndClientDoesNotExist_thenReturnNullPointerException" classname="com.example.PrestaBanco.services.BankExecutiveServiceTest" time="0.003"/>
  <testcase name="whenClientHasAtLeastFourMonthsOfDeposits_thenReturnTrue" classname="com.example.PrestaBanco.services.BankExecutiveServiceTest" time="0.003"/>
  <testcase name="whenGetDebtAmountByRutAndClientDoesNotExist_thenReturnZero" classname="com.example.PrestaBanco.services.BankExecutiveServiceTest" time="0.003"/>
  <testcase name="whenUpdateStatusOfCreditApplicationAndApplicationExists_thenUpdateStatus" classname="com.example.PrestaBanco.services.BankExecutiveServiceTest" time="0.004"/>
  <testcase name="whenGetPendingDebtsMonthlySalaryByRutAndClientHasNoPendingDebts_thenReturnCorrectRatio" classname="com.example.PrestaBanco.services.BankExecutiveServiceTest" time="0.003"/>
  <testcase name="whenClientExists_thenReturnEmploymentHistory" classname="com.example.PrestaBanco.services.BankExecutiveServiceTest" time="0.003"/>
  <testcase name="whenClientHasNoTransactions_thenReturnFalse" classname="com.example.PrestaBanco.services.BankExecutiveServiceTest" time="0.002"/>
  <testcase name="whenClientExists_thenReturnClientBankAccounts" classname="com.example.PrestaBanco.services.BankExecutiveServiceTest" time="0.002"/>
  <testcase name="whenGetExpectedAmountOfClientByRut_thenCallRepositoryFindByRut" classname="com.example.PrestaBanco.services.BankExecutiveServiceTest" time="0.002"/>
  <testcase name="whenClientExists_thenReturnCreditApplications" classname="com.example.PrestaBanco.services.BankExecutiveServiceTest" time="0.002"/>
  <testcase name="whenGetTimeLimitOfClientByRutAndThrowsException_thenHandleException" classname="com.example.PrestaBanco.services.BankExecutiveServiceTest" time="0.003"/>
  <testcase name="testCheckRecentWithdrawals_WithLargeWithdrawal" classname="com.example.PrestaBanco.services.BankExecutiveServiceTest" time="0.002"/>
  <testcase name="whenClientExistsAndHasDeposits_thenReturnTotalDeposit" classname="com.example.PrestaBanco.services.BankExecutiveServiceTest" time="0.002"/>
  <testcase name="whenGetMonthlySalaryOfClientByRutAndThrowsException_thenHandleException" classname="com.example.PrestaBanco.services.BankExecutiveServiceTest" time="0.002"/>
  <testcase name="whenGetMonthlyLoanOfClientByRutAndClientExists_thenReturnMonthlyLoan" classname="com.example.PrestaBanco.services.BankExecutiveServiceTest" time="0.001"/>
  <testcase name="whenClientHasNoBankAccounts_thenReturnZeroInDeposit" classname="com.example.PrestaBanco.services.BankExecutiveServiceTest" time="0.002"/>
  <testcase name="whenGetLoanTypeClientByRutAndClientExists_thenReturnLoanType" classname="com.example.PrestaBanco.services.BankExecutiveServiceTest" time="0.002"/>
  <testcase name="whenGetInterestRateOfClientByRutAndThrowsException_thenHandleException" classname="com.example.PrestaBanco.services.BankExecutiveServiceTest" time="0.005"/>
  <testcase name="whenInsuranceCalculationByRutAndClientExists_thenReturnInsuranceAmount" classname="com.example.PrestaBanco.services.BankExecutiveServiceTest" time="0.002"/>
  <testcase name="whenGetDebtAmountByRutAndClientHasNoDebts_thenReturnZero" classname="com.example.PrestaBanco.services.BankExecutiveServiceTest" time="0.003"/>
  <testcase name="whenClientHasNoCreditApplications_thenReturnEmptyList" classname="com.example.PrestaBanco.services.BankExecutiveServiceTest" time="0.002"/>
  <testcase name="whenGetDebtAmountByRutAndClientExists_thenReturnTotalDebtAmount" classname="com.example.PrestaBanco.services.BankExecutiveServiceTest" time="0.002"/>
  <testcase name="whenMonthlyCostByRutAndMonthlyLoanIsZero_thenReturnInsuranceAndFireInsurance" classname="com.example.PrestaBanco.services.BankExecutiveServiceTest" time="0.004">
    <system-out><![CDATA[Expected Insurance: 0
Fire Insurance: 50
Expected Monthly Cost: 20000
Actual Monthly Cost: 20000
]]></system-out>
  </testcase>
  <testcase name="whenGetTimeLimitOfClientByRutAndClientExists_thenReturnTimeLimit" classname="com.example.PrestaBanco.services.BankExecutiveServiceTest" time="0.005"/>
  <testcase name="whenTotalCostOfLoanByRutAndClientDoesNotExist_thenReturnNullPointerException" classname="com.example.PrestaBanco.services.BankExecutiveServiceTest" time="0.004"/>
  <testcase name="whenClientHasMultipleCreditApplications_thenReturnAllApplications" classname="com.example.PrestaBanco.services.BankExecutiveServiceTest" time="0.002"/>
  <testcase name="whenGetLoanTypeClientByRutAndClientHasNoLoanType_thenReturnEmptyString" classname="com.example.PrestaBanco.services.BankExecutiveServiceTest" time="0.001"/>
  <testcase name="whenClientHasMultipleBankAccounts_thenReturnAllAccounts" classname="com.example.PrestaBanco.services.BankExecutiveServiceTest" time="0.002"/>
  <testcase name="whenGetMonthlyLoanOfClientByRut_thenCallRepositoryFindByRut" classname="com.example.PrestaBanco.services.BankExecutiveServiceTest" time="0.002"/>
  <testcase name="whenGetFeeIncomeRatioByRutAndThrowsException_thenHandleException" classname="com.example.PrestaBanco.services.BankExecutiveServiceTest" time="0.003"/>
  <testcase name="whenGetFeeIncomeRatioByRutAndClientExistsWithHighRatio_thenPrintWarning" classname="com.example.PrestaBanco.services.BankExecutiveServiceTest" time="0.002">
    <system-out><![CDATA[El ratio de ingresos supera el 35%: 1805.054151624549%
]]></system-out>
  </testcase>
  <testcase name="whenClientHasMultipleEmployments_thenReturnAllEmploymentHistory" classname="com.example.PrestaBanco.services.BankExecutiveServiceTest" time="0.003"/>
  <testcase name="whenClientHasNoBankAccounts_thenReturnZeroInWithdrawal" classname="com.example.PrestaBanco.services.BankExecutiveServiceTest" time="0.003"/>
  <testcase name="testGetAgeAndVerifyMaximumAge_ByRut_ClientAgeFinalIs75OrMore" classname="com.example.PrestaBanco.services.BankExecutiveServiceTest" time="0.002"/>
  <testcase name="whenTotalCostOfLoanByRutAndClientHasZeroExpectedAmount_thenReturnZeroInsurance" classname="com.example.PrestaBanco.services.BankExecutiveServiceTest" time="0.001"/>
  <testcase name="whenGetExpectedAmountOfClientByRutAndClientExists_thenReturnExpectedAmount" classname="com.example.PrestaBanco.services.BankExecutiveServiceTest" time="0.002"/>
  <testcase name="whenGetMonthlyLoanOfClientByRutAndThrowsException_thenHandleException" classname="com.example.PrestaBanco.services.BankExecutiveServiceTest" time="0.003"/>
  <testcase name="whenGetDebtsByRutAndThrowsException_thenHandleException" classname="com.example.PrestaBanco.services.BankExecutiveServiceTest" time="0.002"/>
  <testcase name="whenGetDebtsByRutAndClientDoesNotExist_thenThrowException" classname="com.example.PrestaBanco.services.BankExecutiveServiceTest" time="0.002"/>
  <testcase name="whenClientExistsAndHasNoWithdrawals_thenReturnZero" classname="com.example.PrestaBanco.services.BankExecutiveServiceTest" time="0.002"/>
  <testcase name="whenGetCreditApplicationByIdAndApplicationExists_thenReturnCreditApplication" classname="com.example.PrestaBanco.services.BankExecutiveServiceTest" time="0.001"/>
  <testcase name="whenMonthlyCostByRutAndClientExists_thenReturnMonthlyCost" classname="com.example.PrestaBanco.services.BankExecutiveServiceTest" time="0.002"/>
  <testcase name="whenUpdateStatusOfCreditApplicationWithNullStatus_thenThrowIllegalArgumentException" classname="com.example.PrestaBanco.services.BankExecutiveServiceTest" time="0.002"/>
  <testcase name="whenMonthlyCostByRutAndClientDoesNotExist_thenReturnNullPointerException" classname="com.example.PrestaBanco.services.BankExecutiveServiceTest" time="0.003"/>
</testsuite>